
Author not found in file fileread.prg
 
Author not found in file nconvert.prg
 
Author not found in file numtxten.prg
 
Author not found in file numtxthu.prg
 
Author not found in file stringp.prg
 
Author not found in file RTF.PRG
 
Author not found in file ctchksum.c
 
Author not found in file ctchrmix.c
 
Author not found in file ctcrypt.c
 
Author not found in file dates2.c
 
Author not found in file datesx.c
 
Author not found in file hb_f.c
 
Author not found in file io.c
 
Author not found in file mathx.c
 
Author not found in file strasint.c
 
Author not found in file strfmt.c
 
Author not found in file stringsx.c
 
Author not found in file rtf.c
 
Author not found in file numtxthu.c
 
Author not found in file numtxten.c
 
Author not found in file nconvert.c
 