Application Internal Error - C:\harbour_nappgui\contrib\gtnap\tests\cuademo\gtnap_cualib\exemplo.exe
Terminated at: 2024-06-29 11:53:45
Erro irrecuperável 6005: Exception error:

    Exception Code:C0000005 ACCESS_VIOLATION
    Exception Address:0000000000000000
    RAX:000001E69F3EEE88  RBX:000001E69F3E83A0  RCX:000001E69F3EE468  RDX:0000000000000725
    RSI:00007FF756089B60  RDI:00007FF756089B40  RBP:000001E69F401AC0
    R8 :0000000000000001  R9 :0000000000000000  R10:000001E69F3B0000  R11:000001E69F3FC628
    R12:000001E69F401AE0  R13:0000000000000000  R14:0000000000000000  R15:0000000000000000
    CS:RIP:0033:0000000000000000  SS:RSP:002B:000000C3239FF978
    DS:002B  ES:002B  FS:0053  GS:002B
    Flags:00010202
    Exception Parameters: 0000000000000008 0000000000000000

Modules:
00007FF755DE0000 00000000002F8000 C:\harbour_nappgui\contrib\gtnap\tests\cuademo\gtnap_cualib\exemplo.exe
00007FFF28AB0000 00000000001F8000 C:\WINDOWS\SYSTEM32\ntdll.dll
00007FFF26E80000 00000000000BD000 C:\WINDOWS\System32\KERNEL32.DLL
00007FFF266A0000 00000000002F6000 C:\WINDOWS\System32\KERNELBASE.dll
00007FFF21BC0000 0000000000090000 C:\WINDOWS\SYSTEM32\apphelp.dll
00007FFF27EF0000 00000000000B0000 C:\WINDOWS\System32\ADVAPI32.dll
00007FFF27DF0000 000000000009E000 C:\WINDOWS\System32\msvcrt.dll
00007FFF27D40000 00000000000A0000 C:\WINDOWS\System32\sechost.dll
00007FFF18F60000 0000000000062000 C:\harbour_nappgui\contrib\gtnap\tests\cuademo\gtnap_cualib\officesdk.dll
00007FFF26D50000 0000000000123000 C:\WINDOWS\System32\RPCRT4.dll
00007FFF26640000 0000000000027000 C:\WINDOWS\System32\bcrypt.dll
00007FFF28530000 00000000000DA000 C:\WINDOWS\System32\comdlg32.dll
00007FFF28610000 000000000006B000 C:\WINDOWS\System32\WS2_32.dll
00007FFF28680000 0000000000353000 C:\WINDOWS\System32\combase.dll
00007FFF26540000 0000000000100000 C:\WINDOWS\System32\ucrtbase.dll
00007FFF27410000 000000000076C000 C:\WINDOWS\System32\SHELL32.dll
00007FFF26220000 000000000009D000 C:\WINDOWS\System32\msvcp_win.dll
00007FFF26CA0000 00000000000AD000 C:\WINDOWS\System32\shcore.dll
00007FFF0ED00000 000000000029A000 C:\WINDOWS\WinSxS\amd64_microsoft.windows.common-controls_6595b64144ccf1df_6.0.19041.4355_none_60b8b9eb71f62e16\COMCTL32.dll
00007FFF28260000 000000000019F000 C:\WINDOWS\System32\USER32.dll
00007FFF27C70000 000000000002B000 C:\WINDOWS\System32\GDI32.dll
00007FFF26670000 0000000000022000 C:\WINDOWS\System32\win32u.dll
00007FFF26420000 0000000000117000 C:\WINDOWS\System32\gdi32full.dll
00007FFF26C40000 0000000000055000 C:\WINDOWS\System32\SHLWAPI.dll
00007FFF14810000 000000000006A000 C:\Program Files\LibreOffice\program\cppu3.dll
00007FFF13130000 00000000000B5000 C:\Program Files\LibreOffice\program\sal3.dll
00007FFF12860000 0000000000143000 C:\Program Files\LibreOffice\program\cppuhelper3MSC.dll
00007FFF28400000 000000000012B000 C:\WINDOWS\System32\ole32.dll
00007FFEFC720000 00000000001A7000 C:\WINDOWS\WinSxS\amd64_microsoft.windows.gdiplus_6595b64144ccf1df_1.1.19041.4355_none_91a3acd0cc88a7e4\gdiplus.dll
00007FFF23780000 000000000009E000 C:\WINDOWS\SYSTEM32\UxTheme.dll
00007FFF0DCA0000 0000000000027000 C:\WINDOWS\SYSTEM32\WINMM.dll
00007FFF19170000 0000000000024000 C:\msys64\mingw64\bin\libgcc_s_seh-1.dll
00007FFF08930000 000000000008E000 C:\WINDOWS\SYSTEM32\MSVCP140.dll
00007FFF13AC0000 000000000000C000 C:\WINDOWS\SYSTEM32\VCRUNTIME140_1.dll
00007FFF088F0000 000000000001B000 C:\WINDOWS\SYSTEM32\VCRUNTIME140.dll
00007FFF01700000 0000000000242000 C:\msys64\mingw64\bin\libstdc++-6.dll
00007FFF20DA0000 0000000000013000 C:\Program Files\LibreOffice\program\salhelper3MSC.dll
00007FFF20100000 00000000001E4000 C:\WINDOWS\SYSTEM32\dbghelp.dll
00007FFF20C10000 000000000001D000 C:\WINDOWS\SYSTEM32\MPR.dll
00007FFF23AD0000 00000000000DC000 C:\WINDOWS\SYSTEM32\wer.dll
00007FFF26010000 000000000002E000 C:\WINDOWS\SYSTEM32\USERENV.dll
00007FFF19040000 000000000002A000 C:\Program Files\LibreOffice\program\reglo.dll
00007FFF204D0000 000000000001C000 C:\Program Files\LibreOffice\program\xmlreaderlo.dll
00007FFF12310000 00000000000C0000 C:\Program Files\LibreOffice\program\unoidllo.dll
00007FFF19020000 0000000000016000 C:\msys64\mingw64\bin\libwinpthread-1.dll
00007FFF14DC0000 000000000002D000 C:\Program Files\LibreOffice\program\storelo.dll
00007FFF26C10000 000000000002F000 C:\WINDOWS\System32\IMM32.DLL
00007FFF25A30000 000000000000C000 C:\WINDOWS\SYSTEM32\CRYPTBASE.DLL
00007FFF26A60000 0000000000082000 C:\WINDOWS\System32\bcryptPrimitives.dll
00007FFF26AF0000 0000000000114000 C:\WINDOWS\System32\MSCTF.dll
00007FFF27B80000 00000000000CD000 C:\WINDOWS\System32\OLEAUT32.dll
00007FFF053F0000 000000000034B000 C:\WINDOWS\SYSTEM32\Msftedit.dll
00007FFF23F70000 000000000079D000 C:\WINDOWS\SYSTEM32\windows.storage.dll
00007FFF25AC0000 000000000002E000 C:\WINDOWS\SYSTEM32\Wldp.dll
00007FFF24BF0000 0000000000012000 C:\WINDOWS\SYSTEM32\kernel.appcore.dll
00007FFF18500000 00000000000F9000 C:\WINDOWS\SYSTEM32\textinputframework.dll
00007FFF217D0000 000000000035B000 C:\WINDOWS\System32\CoreUIComponents.dll
00007FFF22970000 00000000000F2000 C:\WINDOWS\System32\CoreMessaging.dll
00007FFF25260000 0000000000033000 C:\WINDOWS\SYSTEM32\ntmarta.dll
00007FFF21620000 0000000000157000 C:\WINDOWS\SYSTEM32\wintypes.dll
00007FFF15750000 00000000000AC000 C:\WINDOWS\SYSTEM32\TextShaping.dll
00007FFF15800000 000000000027F000 C:\WINDOWS\SYSTEM32\DWrite.dll

------------------------------------------------------------------------
